# JRE version: Java(TM) SE Runtime Environment (18.0.2.1+1) (build 18.0.2.1+1-1)
# Java VM: Java HotSpot(TM) 64-Bit Server VM (18.0.2.1+1-1, mixed mode, emulated-client, sharing, tiered, compressed oops, compressed class ptrs, g1 gc, windows-amd64)
GC Precious Log:
 CardTable entry size: 512
 Card Set container configuration: InlinePtr #cards 5 size 8 Array Of Cards #cards 12 size 40 Howl #buckets 4 coarsen threshold 1843 Howl Bitmap #cards 512 size 80 coarsen threshold 460 Card regions per heap region 1 cards per card region 2048
 CPUs: 4 total, 4 available
 Memory: 7928M
 Large Page Support: Disabled
 NUMA Support: Disabled
 Compressed Oops: Enabled (32-bit)
 Heap Region Size: 1M
 Heap Min Capacity: 8M
 Heap Initial Capacity: 124M
 Heap Max Capacity: 1984M
 Pre-touch: Disabled
 Parallel Workers: 4
 Concurrent Workers: 1
 Concurrent Refinement Workers: 4
 Periodic GC: Disabled
Heap:
 garbage-first heap   total 193536K, used 131704K [0x0000000084000000, 0x0000000100000000)
  region size 1024K, 85 young (87040K), 1 survivors (1024K)
 Metaspace       used 28215K, committed 28544K, reserved 1114112K
  class space    used 3975K, committed 4096K, reserved 1048576K
GC Heap History (20 events):
Event: 9.194 GC heap before
{Heap before GC invocations=25 (full 0):
 garbage-first heap   total 193536K, used 156853K [0x0000000084000000, 0x0000000100000000)
  region size 1024K, 113 young (115712K), 5 survivors (5120K)
 Metaspace       used 28073K, committed 28416K, reserved 1114112K
  class space    used 3947K, committed 4096K, reserved 1048576K
}
Event: 9.197 GC heap after
{Heap after GC invocations=26 (full 0):
 garbage-first heap   total 193536K, used 46070K [0x0000000084000000, 0x0000000100000000)
  region size 1024K, 5 young (5120K), 5 survivors (5120K)
 Metaspace       used 28073K, committed 28416K, reserved 1114112K
  class space    used 3947K, committed 4096K, reserved 1048576K
}
Event: 9.477 GC heap before
{Heap before GC invocations=26 (full 0):
 garbage-first heap   total 193536K, used 155638K [0x0000000084000000, 0x0000000100000000)
  region size 1024K, 113 young (115712K), 5 survivors (5120K)
 Metaspace       used 28073K, committed 28416K, reserved 1114112K
  class space    used 3947K, committed 4096K, reserved 1048576K
}
Event: 9.479 GC heap after
{Heap after GC invocations=27 (full 0):
 garbage-first heap   total 193536K, used 46001K [0x0000000084000000, 0x0000000100000000)
  region size 1024K, 5 young (5120K), 5 survivors (5120K)
 Metaspace       used 28073K, committed 28416K, reserved 1114112K
  class space    used 3947K, committed 4096K, reserved 1048576K
}
Event: 9.788 GC heap before
{Heap before GC invocations=27 (full 0):
 garbage-first heap   total 193536K, used 156593K [0x0000000084000000, 0x0000000100000000)
  region size 1024K, 113 young (115712K), 5 survivors (5120K)
 Metaspace       used 28073K, committed 28416K, reserved 1114112K
  class space    used 3947K, committed 4096K, reserved 1048576K
}
Event: 9.791 GC heap after
{Heap after GC invocations=28 (full 0):
 garbage-first heap   total 193536K, used 46454K [0x0000000084000000, 0x0000000100000000)
  region size 1024K, 5 young (5120K), 5 survivors (5120K)
 Metaspace       used 28073K, committed 28416K, reserved 1114112K
  class space    used 3947K, committed 4096K, reserved 1048576K
}
Event: 10.096 GC heap before
{Heap before GC invocations=28 (full 0):
 garbage-first heap   total 193536K, used 157046K [0x0000000084000000, 0x0000000100000000)
  region size 1024K, 113 young (115712K), 5 survivors (5120K)
 Metaspace       used 28074K, committed 28416K, reserved 1114112K
  class space    used 3948K, committed 4096K, reserved 1048576K
}
Event: 10.098 GC heap after
{Heap after GC invocations=29 (full 0):
 garbage-first heap   total 193536K, used 46239K [0x0000000084000000, 0x0000000100000000)
  region size 1024K, 1 young (1024K), 1 survivors (1024K)
 Metaspace       used 28074K, committed 28416K, reserved 1114112K
  class space    used 3948K, committed 4096K, reserved 1048576K
}
Event: 10.411 GC heap before
{Heap before GC invocations=29 (full 0):
 garbage-first heap   total 193536K, used 160927K [0x0000000084000000, 0x0000000100000000)
  region size 1024K, 113 young (115712K), 1 survivors (1024K)
 Metaspace       used 28074K, committed 28416K, reserved 1114112K
  class space    used 3948K, committed 4096K, reserved 1048576K
}
Event: 10.413 GC heap after
{Heap after GC invocations=30 (full 0):
 garbage-first heap   total 193536K, used 46146K [0x0000000084000000, 0x0000000100000000)
  region size 1024K, 1 young (1024K), 1 survivors (1024K)
 Metaspace       used 28074K, committed 28416K, reserved 1114112K
  class space    used 3948K, committed 4096K, reserved 1048576K
}
Event: 10.738 GC heap before
{Heap before GC invocations=30 (full 0):
 garbage-first heap   total 193536K, used 160834K [0x0000000084000000, 0x0000000100000000)
  region size 1024K, 113 young (115712K), 1 survivors (1024K)
 Metaspace       used 28074K, committed 28416K, reserved 1114112K
  class space    used 3948K, committed 4096K, reserved 1048576K
}
Event: 10.739 GC heap after
{Heap after GC invocations=31 (full 0):
 garbage-first heap   total 193536K, used 46125K [0x0000000084000000, 0x0000000100000000)
  region size 1024K, 1 young (1024K), 1 survivors (1024K)
 Metaspace       used 28074K, committed 28416K, reserved 1114112K
  class space    used 3948K, committed 4096K, reserved 1048576K
}
Event: 11.030 GC heap before
{Heap before GC invocations=31 (full 0):
 garbage-first heap   total 193536K, used 160813K [0x0000000084000000, 0x0000000100000000)
  region size 1024K, 113 young (115712K), 1 survivors (1024K)
 Metaspace       used 28074K, committed 28416K, reserved 1114112K
  class space    used 3948K, committed 4096K, reserved 1048576K
}
Event: 11.030 GC heap after
{Heap after GC invocations=32 (full 0):
 garbage-first heap   total 193536K, used 46074K [0x0000000084000000, 0x0000000100000000)
  region size 1024K, 1 young (1024K), 1 survivors (1024K)
 Metaspace       used 28074K, committed 28416K, reserved 1114112K
  class space    used 3948K, committed 4096K, reserved 1048576K
}
Event: 11.327 GC heap before
{Heap before GC invocations=32 (full 0):
 garbage-first heap   total 193536K, used 160762K [0x0000000084000000, 0x0000000100000000)
  region size 1024K, 113 young (115712K), 1 survivors (1024K)
 Metaspace       used 28074K, committed 28416K, reserved 1114112K
  class space    used 3948K, committed 4096K, reserved 1048576K
}
Event: 11.328 GC heap after
{Heap after GC invocations=33 (full 0):
 garbage-first heap   total 193536K, used 46084K [0x0000000084000000, 0x0000000100000000)
  region size 1024K, 1 young (1024K), 1 survivors (1024K)
 Metaspace       used 28074K, committed 28416K, reserved 1114112K
  class space    used 3948K, committed 4096K, reserved 1048576K
}
Event: 11.686 GC heap before
{Heap before GC invocations=33 (full 0):
 garbage-first heap   total 193536K, used 160772K [0x0000000084000000, 0x0000000100000000)
  region size 1024K, 113 young (115712K), 1 survivors (1024K)
 Metaspace       used 28074K, committed 28416K, reserved 1114112K
  class space    used 3948K, committed 4096K, reserved 1048576K
}
Event: 11.687 GC heap after
{Heap after GC invocations=34 (full 0):
 garbage-first heap   total 193536K, used 46088K [0x0000000084000000, 0x0000000100000000)
  region size 1024K, 1 young (1024K), 1 survivors (1024K)
 Metaspace       used 28074K, committed 28416K, reserved 1114112K
  class space    used 3948K, committed 4096K, reserved 1048576K
}
Event: 12.336 GC heap before
{Heap before GC invocations=34 (full 0):
 garbage-first heap   total 193536K, used 160776K [0x0000000084000000, 0x0000000100000000)
  region size 1024K, 113 young (115712K), 1 survivors (1024K)
 Metaspace       used 28091K, committed 28416K, reserved 1114112K
  class space    used 3952K, committed 4096K, reserved 1048576K
}
Event: 12.338 GC heap after
{Heap after GC invocations=35 (full 0):
 garbage-first heap   total 193536K, used 46712K [0x0000000084000000, 0x0000000100000000)
  region size 1024K, 1 young (1024K), 1 survivors (1024K)
 Metaspace       used 28091K, committed 28416K, reserved 1114112K
  class space    used 3952K, committed 4096K, reserved 1048576K
}

