# JRE version: Java(TM) SE Runtime Environment (18.0.2.1+1) (build 18.0.2.1+1-1)
# Java VM: Java HotSpot(TM) 64-Bit Server VM (18.0.2.1+1-1, mixed mode, sharing, tiered, compressed oops, compressed class ptrs, g1 gc, windows-amd64)
GC Precious Log:
 CardTable entry size: 512
 Card Set container configuration: InlinePtr #cards 5 size 8 Array Of Cards #cards 12 size 40 Howl #buckets 4 coarsen threshold 1843 Howl Bitmap #cards 512 size 80 coarsen threshold 460 Card regions per heap region 1 cards per card region 2048
 CPUs: 4 total, 4 available
 Memory: 7928M
 Large Page Support: Disabled
 NUMA Support: Disabled
 Compressed Oops: Enabled (32-bit)
 Heap Region Size: 1M
 Heap Min Capacity: 8M
 Heap Initial Capacity: 124M
 Heap Max Capacity: 1984M
 Pre-touch: Disabled
 Parallel Workers: 4
 Concurrent Workers: 1
 Concurrent Refinement Workers: 4
 Periodic GC: Disabled
Heap:
 garbage-first heap   total 126976K, used 27136K [0x0000000084000000, 0x0000000100000000)
  region size 1024K, 8 young (8192K), 4 survivors (4096K)
 Metaspace       used 19212K, committed 19520K, reserved 1114112K
  class space    used 2144K, committed 2240K, reserved 1048576K
GC Heap History (12 events):
Event: 0.458 GC heap before
{Heap before GC invocations=0 (full 0):
 garbage-first heap   total 126976K, used 13312K [0x0000000084000000, 0x0000000100000000)
  region size 1024K, 13 young (13312K), 0 survivors (0K)
 Metaspace       used 3472K, committed 3648K, reserved 1114112K
  class space    used 361K, committed 448K, reserved 1048576K
}
Event: 0.463 GC heap after
{Heap after GC invocations=1 (full 0):
 garbage-first heap   total 126976K, used 3364K [0x0000000084000000, 0x0000000100000000)
  region size 1024K, 2 young (2048K), 2 survivors (2048K)
 Metaspace       used 3472K, committed 3648K, reserved 1114112K
  class space    used 361K, committed 448K, reserved 1048576K
}
Event: 0.776 GC heap before
{Heap before GC invocations=1 (full 0):
 garbage-first heap   total 126976K, used 16676K [0x0000000084000000, 0x0000000100000000)
  region size 1024K, 15 young (15360K), 2 survivors (2048K)
 Metaspace       used 5462K, committed 5632K, reserved 1114112K
  class space    used 641K, committed 704K, reserved 1048576K
}
Event: 0.781 GC heap after
{Heap after GC invocations=2 (full 0):
 garbage-first heap   total 126976K, used 3843K [0x0000000084000000, 0x0000000100000000)
  region size 1024K, 1 young (1024K), 1 survivors (1024K)
 Metaspace       used 5462K, committed 5632K, reserved 1114112K
  class space    used 641K, committed 704K, reserved 1048576K
}
Event: 1.888 GC heap before
{Heap before GC invocations=2 (full 0):
 garbage-first heap   total 126976K, used 33539K [0x0000000084000000, 0x0000000100000000)
  region size 1024K, 31 young (31744K), 1 survivors (1024K)
 Metaspace       used 10477K, committed 10752K, reserved 1114112K
  class space    used 1260K, committed 1408K, reserved 1048576K
}
Event: 1.896 GC heap after
{Heap after GC invocations=3 (full 0):
 garbage-first heap   total 126976K, used 5692K [0x0000000084000000, 0x0000000100000000)
  region size 1024K, 3 young (3072K), 3 survivors (3072K)
 Metaspace       used 10477K, committed 10752K, reserved 1114112K
  class space    used 1260K, committed 1408K, reserved 1048576K
}
Event: 4.369 GC heap before
{Heap before GC invocations=3 (full 0):
 garbage-first heap   total 126976K, used 78396K [0x0000000084000000, 0x0000000100000000)
  region size 1024K, 74 young (75776K), 3 survivors (3072K)
 Metaspace       used 15246K, committed 15488K, reserved 1114112K
  class space    used 1754K, committed 1856K, reserved 1048576K
}
Event: 4.404 GC heap after
{Heap after GC invocations=4 (full 0):
 garbage-first heap   total 126976K, used 15493K [0x0000000084000000, 0x0000000100000000)
  region size 1024K, 10 young (10240K), 10 survivors (10240K)
 Metaspace       used 15246K, committed 15488K, reserved 1114112K
  class space    used 1754K, committed 1856K, reserved 1048576K
}
Event: 6.128 GC heap before
{Heap before GC invocations=4 (full 0):
 garbage-first heap   total 126976K, used 78981K [0x0000000084000000, 0x0000000100000000)
  region size 1024K, 72 young (73728K), 10 survivors (10240K)
 Metaspace       used 16844K, committed 17088K, reserved 1114112K
  class space    used 1873K, committed 1984K, reserved 1048576K
}
Event: 6.160 GC heap after
{Heap after GC invocations=5 (full 0):
 garbage-first heap   total 126976K, used 20088K [0x0000000084000000, 0x0000000100000000)
  region size 1024K, 5 young (5120K), 5 survivors (5120K)
 Metaspace       used 16844K, committed 17088K, reserved 1114112K
  class space    used 1873K, committed 1984K, reserved 1048576K
}
Event: 7.453 GC heap before
{Heap before GC invocations=5 (full 0):
 garbage-first heap   total 126976K, used 85624K [0x0000000084000000, 0x0000000100000000)
  region size 1024K, 69 young (70656K), 5 survivors (5120K)
 Metaspace       used 18663K, committed 18944K, reserved 1114112K
  class space    used 2086K, committed 2240K, reserved 1048576K
}
Event: 7.469 GC heap after
{Heap after GC invocations=6 (full 0):
 garbage-first heap   total 126976K, used 24064K [0x0000000084000000, 0x0000000100000000)
  region size 1024K, 4 young (4096K), 4 survivors (4096K)
 Metaspace       used 18663K, committed 18944K, reserved 1114112K
  class space    used 2086K, committed 2240K, reserved 1048576K
}

